<?xml version="1.0" encoding="UTF-8"?>
<!-- Generated by org.testng.reporters.JUnitReportReporter -->
<testsuite skipped="0" hostname="CAGTAM1074143" name="demo.TestngAnnotation" tests="2" failures="0" timestamp="12 Feb 2018 20:20:28 GMT" time="0.013" errors="0">
  <testcase name="testCase1" time="0.006" classname="demo.TestngAnnotation"/>
  <testcase name="testCase2" time="0.007" classname="demo.TestngAnnotation"/>
</testsuite> <!-- demo.TestngAnnotation -->
