<?xml version="1.0" encoding="UTF-8"?>
<!-- Generated by org.testng.reporters.JUnitReportReporter -->
<testsuite hostname="Amulyas-MacBook-Air.local" failures="0" tests="1" name="demo.EnrollmentWithTestNGParam" time="9.677" errors="0" timestamp="12 May 2018 18:34:04 GMT" skipped="0">
  <testcase classname="demo.EnrollmentWithTestNGParam" name="enrollment123" time="9.677"/>
</testsuite> <!-- demo.EnrollmentWithTestNGParam -->
