<?xml version="1.0" encoding="UTF-8"?>
<!-- Generated by org.testng.reporters.JUnitReportReporter -->
<testsuite skipped="0" hostname="CAGTAM1074143" name="parameterization.MultipleDataProvider" tests="4" failures="0" timestamp="12 Jan 2018 15:27:51 GMT" time="24.807" errors="0">
  <testcase name="enrollment" time="6.248" classname="parameterization.MultipleDataProvider"/>
  <testcase name="enrollment" time="6.062" classname="parameterization.MultipleDataProvider"/>
  <testcase name="enrollment" time="6.162" classname="parameterization.MultipleDataProvider"/>
  <testcase name="enrollment" time="6.335" classname="parameterization.MultipleDataProvider"/>
</testsuite> <!-- parameterization.MultipleDataProvider -->
