<?xml version="1.0" encoding="UTF-8"?>
<!-- Generated by org.testng.reporters.JUnitReportReporter -->
<testsuite skipped="0" hostname="CAGTAM1074143" name="parameterization.BMultipleSetExample" tests="2" failures="0" timestamp="13 Jan 2018 03:06:11 GMT" time="17.862" errors="0">
  <testcase name="enrollment" time="10.168" classname="parameterization.BMultipleSetExample"/>
  <testcase name="enrollment" time="7.694" classname="parameterization.BMultipleSetExample"/>
</testsuite> <!-- parameterization.BMultipleSetExample -->
