<?xml version="1.0" encoding="UTF-8"?>
<!-- Generated by org.testng.reporters.JUnitReportReporter -->
<testsuite skipped="0" hostname="CAGTAM1074143" name="demo.TestNGEx" tests="2" failures="0" timestamp="12 Feb 2018 20:13:05 GMT" time="0.018" errors="0">
  <testcase name="testSalutationMessage" time="0.003" classname="demo.TestNGEx"/>
  <testcase name="initEnvironmentTest" time="0.015" classname="demo.TestNGEx"/>
</testsuite> <!-- demo.TestNGEx -->
