<?xml version="1.0" encoding="UTF-8"?>
<!-- Generated by org.testng.reporters.JUnitReportReporter -->
<testsuite skipped="0" hostname="CAGTAM1074143" name="parameterization.SingleSetExample" tests="1" failures="0" timestamp="12 Jan 2018 15:18:13 GMT" time="6.326" errors="0">
  <testcase name="enrollmentSingleSet" time="6.326" classname="parameterization.SingleSetExample"/>
</testsuite> <!-- parameterization.SingleSetExample -->
