<?xml version="1.0" encoding="UTF-8"?>
<!-- Generated by org.testng.reporters.JUnitReportReporter -->
<testsuite hostname="Amulyas-MacBook-Air.local" failures="0" tests="4" name="demo.EnrollmentWithTestNGDataProvider" time="30.089" errors="0" timestamp="12 May 2018 18:34:04 GMT" skipped="0">
  <testcase classname="demo.EnrollmentWithTestNGDataProvider" name="enrollment" time="6.915"/>
  <testcase classname="demo.EnrollmentWithTestNGDataProvider" name="enrollment" time="6.389"/>
  <testcase classname="demo.EnrollmentWithTestNGDataProvider" name="enrollment" time="9.144"/>
  <testcase classname="demo.EnrollmentWithTestNGDataProvider" name="enrollment" time="7.641"/>
</testsuite> <!-- demo.EnrollmentWithTestNGDataProvider -->
