<?xml version="1.0" encoding="UTF-8"?>
<!-- Generated by org.testng.reporters.JUnitReportReporter -->
<testsuite hostname="Amulyas-MacBook-Air.local" failures="0" tests="2" name="demo.EnrollmentWithTestNGDataProvider" time="17.812" errors="0" timestamp="16 May 2018 01:22:12 GMT" skipped="0">
  <testcase classname="demo.EnrollmentWithTestNGDataProvider" name="enrollment" time="8.916"/>
  <testcase classname="demo.EnrollmentWithTestNGDataProvider" name="enrollment" time="8.896"/>
</testsuite> <!-- demo.EnrollmentWithTestNGDataProvider -->
