<?xml version="1.0" encoding="UTF-8"?>
<!-- Generated by org.testng.reporters.JUnitReportReporter -->
<testsuite skipped="0" hostname="CAGTAM1074143" name="parameterization.CMultipleDataProvider" tests="4" failures="0" timestamp="13 Jan 2018 03:09:07 GMT" time="29.504" errors="0">
  <testcase name="enrollment" time="6.444" classname="parameterization.CMultipleDataProvider"/>
  <testcase name="enrollment" time="7.369" classname="parameterization.CMultipleDataProvider"/>
  <testcase name="enrollment" time="6.890" classname="parameterization.CMultipleDataProvider"/>
  <testcase name="enrollment" time="8.801" classname="parameterization.CMultipleDataProvider"/>
</testsuite> <!-- parameterization.CMultipleDataProvider -->
