<?xml version="1.0" encoding="UTF-8"?>
<!-- Generated by org.testng.reporters.JUnitReportReporter -->
<testsuite skipped="0" hostname="CAGTAM1074143" name="parameterization.ASingleSetExample" tests="1" failures="0" timestamp="13 Jan 2018 03:02:37 GMT" time="7.850" errors="0">
  <testcase name="enrollmentSingleSet" time="7.850" classname="parameterization.ASingleSetExample"/>
</testsuite> <!-- parameterization.ASingleSetExample -->
