<?xml version="1.0" encoding="UTF-8"?>
<!-- Generated by org.testng.reporters.JUnitReportReporter -->
<testsuite hostname="Amulyas-MacBook-Air.local" failures="0" tests="1" name="parameterizationByTestNG.ASingleSetExample" time="8.564" errors="0" timestamp="12 May 2018 18:17:30 GMT" skipped="0">
  <testcase classname="parameterizationByTestNG.ASingleSetExample" name="enrollmentSingleSet" time="8.564"/>
</testsuite> <!-- parameterizationByTestNG.ASingleSetExample -->
