<?xml version="1.0" encoding="UTF-8"?>
<!-- Generated by org.testng.reporters.JUnitReportReporter -->
<testsuite hostname="Amulyas-MacBook-Air.local" failures="0" tests="1" name="demo.FirstSWDTest" time="14.083" errors="0" timestamp="16 May 2018 01:24:54 GMT" skipped="0">
  <testcase classname="demo.FirstSWDTest" name="example" time="14.083"/>
</testsuite> <!-- demo.FirstSWDTest -->
