<?xml version="1.0" encoding="UTF-8"?>
<!-- Generated by org.testng.reporters.JUnitReportReporter -->
<testsuite hostname="Amulyas-MacBook-Air.local" failures="0" tests="1" name="demo.FirstSWDTest" time="8.386" errors="0" timestamp="12 May 2018 18:28:27 GMT" skipped="0">
  <testcase classname="demo.FirstSWDTest" name="example" time="8.386"/>
</testsuite> <!-- demo.FirstSWDTest -->
