<?xml version="1.0" encoding="UTF-8"?>
<!-- Generated by org.testng.reporters.JUnitReportReporter -->
<testsuite skipped="0" hostname="CAGTAM1074143" name="parameterization.DDataFromTestNGXML" tests="1" failures="0" timestamp="13 Jan 2018 03:12:48 GMT" time="8.017" errors="0">
  <testcase name="enrollment123" time="8.017" classname="parameterization.DDataFromTestNGXML"/>
</testsuite> <!-- parameterization.DDataFromTestNGXML -->
